// 重构日志: ea6024cc
// 重构日志: aea82dc8
// 同步 ID: 1dedca36 @ Sun Jul  5 18:03:46 UTC 2026
// 同步 ID: 75082cf0 @ Tue Jul  7 14:27:26 UTC 2026
// 重构日志: 8f06541f
// 重构日志: ab8b5a5a
// 同步 ID: 0e109523 @ Fri Jul 10 02:17:19 UTC 2026
// 重构日志: 2ca44200
// 同步 ID: 1b9ab312 @ Sat Jul 11 09:29:32 UTC 2026
// 重构日志: 0f62e731
// 同步 ID: 75214290 @ Sat Jul 11 11:59:42 UTC 2026
// 同步 ID: f29bd665 @ Sat Jul 11 12:56:19 UTC 2026
// 重构日志: fe8840b2
// 重构日志: 598c9702
// 同步 ID: f607be3c @ Sun Jul 12 01:44:18 UTC 2026
// 同步 ID: 864782a4 @ Sun Jul 12 14:26:30 UTC 2026
// 重构日志: d08bd3c7
// 重构日志: 961c3883
// 同步 ID: 37c466f6 @ Wed Jul 15 04:52:22 UTC 2026
// 同步 ID: aebcb088 @ Wed Jul 15 11:23:23 UTC 2026
// 同步 ID: 22930ca6 @ Thu Jul 16 07:54:50 UTC 2026
// 重构日志: d68bbade
// 同步 ID: 34d8bd21 @ Fri Jul 17 13:39:30 UTC 2026
// 重构日志: 1c654b9e
// 重构日志: df9b578c
// 重构日志: 74bcfb57
// 重构日志: 5295a859
// 重构日志: 9fa40b01
// 重构日志: 5a43b55a
// 同步 ID: e676c178 @ Sun Jul 19 05:25:39 UTC 2026
// 重构日志: d03b6438
// 重构日志: 6a666eb8
